[debug] [2025-05-12T14:27:44.981Z] ----------------------------------------------------------------------
[debug] [2025-05-12T14:27:44.983Z] Command:       C:\Program Files\nodejs\node.exe C:\Users\toma\AppData\Roaming\npm\node_modules\firebase-tools\lib\bin\firebase.js init
[debug] [2025-05-12T14:27:44.983Z] CLI Version:   14.3.1
[debug] [2025-05-12T14:27:44.983Z] Platform:      win32
[debug] [2025-05-12T14:27:44.983Z] Node Version:  v22.15.0
[debug] [2025-05-12T14:27:44.984Z] Time:          Mon May 12 2025 23:27:44 GMT+0900 (日本標準時)
[debug] [2025-05-12T14:27:44.984Z] ----------------------------------------------------------------------
[debug] 
[debug] [2025-05-12T14:27:44.988Z] > command requires scopes: ["email","openid","https://www.googleapis.com/auth/cloudplatformprojects.readonly","https://www.googleapis.com/auth/firebase","https://www.googleapis.com/auth/cloud-platform"]
[debug] [2025-05-12T14:27:44.988Z] > authorizing via signed-in user (tomatoponzu10010@gmail.com)
[info] 
     ######## #### ########  ######## ########     ###     ######  ########
     ##        ##  ##     ## ##       ##     ##  ##   ##  ##       ##
     ######    ##  ########  ######   ########  #########  ######  ######
     ##        ##  ##    ##  ##       ##     ## ##     ##       ## ##
     ##       #### ##     ## ######## ########  ##     ##  ######  ########

You're about to initialize a Firebase project in this directory:

  C:\Users\toma\Downloads\ゼミのタスクweb\react-firebase-auth

[debug] [2025-05-12T14:28:15.537Z] ExitPromptError: User force closed the prompt with SIGINT
    at Interface.sigint (C:\Users\toma\AppData\Roaming\npm\node_modules\firebase-tools\node_modules\@inquirer\core\dist\commonjs\lib\create-prompt.js:100:37)
    at Interface.emit (node:events:518:28)
    at Interface.emit (node:domain:489:12)
    at [_ttyWrite] [as _ttyWrite] (node:internal/readline/interface:1128:18)
    at ReadStream.onkeypress (node:internal/readline/interface:267:20)
    at ReadStream.emit (node:events:530:35)
    at ReadStream.emit (node:domain:489:12)
    at emitKeys (node:internal/readline/utils:370:14)
    at emitKeys.next (<anonymous>)
    at ReadStream.onData (node:internal/readline/emitKeypressEvents:64:36)
[error] 
[error] Error: An unexpected error has occurred.
[debug] [2025-05-12T14:30:08.217Z] ----------------------------------------------------------------------
[debug] [2025-05-12T14:30:08.219Z] Command:       C:\Program Files\nodejs\node.exe C:\Users\toma\AppData\Roaming\npm\node_modules\firebase-tools\lib\bin\firebase.js init
[debug] [2025-05-12T14:30:08.219Z] CLI Version:   14.3.1
[debug] [2025-05-12T14:30:08.219Z] Platform:      win32
[debug] [2025-05-12T14:30:08.219Z] Node Version:  v22.15.0
[debug] [2025-05-12T14:30:08.220Z] Time:          Mon May 12 2025 23:30:08 GMT+0900 (日本標準時)
[debug] [2025-05-12T14:30:08.220Z] ----------------------------------------------------------------------
[debug] 
[debug] [2025-05-12T14:30:08.223Z] > command requires scopes: ["email","openid","https://www.googleapis.com/auth/cloudplatformprojects.readonly","https://www.googleapis.com/auth/firebase","https://www.googleapis.com/auth/cloud-platform"]
[debug] [2025-05-12T14:30:08.223Z] > authorizing via signed-in user (tomatoponzu10010@gmail.com)
[info] 
     ######## #### ########  ######## ########     ###     ######  ########
     ##        ##  ##     ## ##       ##     ##  ##   ##  ##       ##
     ######    ##  ########  ######   ########  #########  ######  ######
     ##        ##  ##    ##  ##       ##     ## ##     ##       ## ##
     ##       #### ##     ## ######## ########  ##     ##  ######  ########

You're about to initialize a Firebase project in this directory:

  C:\Users\toma\Downloads\ゼミのタスクweb\react-firebase-auth

